<?xml version="1.0" encoding="UTF-8" standalone="yes"?><!DOCTYPE report PUBLIC "-//JACOCO//DTD Report 1.0//EN" "report.dtd"><report name="SeleDiff"><sessioninfo id="deep-desktop-9f24f10d" start="1533225433007" dump="1533225436917"/><package name="com/xin/popgen/estimators"><class name="com/xin/popgen/estimators/EstimatorFactory"><method name="&lt;init&gt;" desc="()V" line="29"><counter type="INSTRUCTION" missed="3" covered="0"/><counter type="LINE" missed="1" covered="0"/><counter type="COMPLEXITY" missed="1" covered="0"/><counter type="METHOD" missed="1" covered="0"/></method><method name="create" desc="(Lcom/beust/jcommander/JCommander;Lcom/xin/popgen/main/ComputeVar;Lcom/xin/popgen/main/ComputeDiff;)Lcom/xin/popgen/estimators/Estimator;" line="40"><counter type="INSTRUCTION" missed="30" covered="103"/><counter type="BRANCH" missed="5" covered="7"/><counter type="LINE" missed="4" covered="16"/><counter type="COMPLEXITY" missed="5" covered="4"/><counter type="METHOD" missed="0" covered="1"/></method><method name="checkParameters" desc="(Ljava/lang/String;Ljava/lang/String;Ljava/lang/String;Ljava/lang/String;)C" line="126"><counter type="INSTRUCTION" missed="2" covered="66"/><counter type="BRANCH" missed="3" covered="27"/><counter type="LINE" missed="0" covered="16"/><counter type="COMPLEXITY" missed="3" covered="13"/><counter type="METHOD" missed="0" covered="1"/></method><counter type="INSTRUCTION" missed="35" covered="169"/><counter type="BRANCH" missed="8" covered="34"/><counter type="LINE" missed="5" covered="32"/><counter type="COMPLEXITY" missed="9" covered="17"/><counter type="METHOD" missed="1" covered="2"/><counter type="CLASS" missed="0" covered="1"/></class><class name="com/xin/popgen/estimators/Estimator"><method name="&lt;init&gt;" desc="(Ljava/lang/String;Ljava/lang/String;Ljava/lang/String;Ljava/lang/String;C)V" line="46"><counter type="INSTRUCTION" missed="11" covered="99"/><counter type="BRANCH" missed="1" covered="7"/><counter type="LINE" missed="2" covered="17"/><counter type="COMPLEXITY" missed="1" covered="4"/><counter type="METHOD" missed="0" covered="1"/></method><method name="writeResults" desc="()V" line="103"><counter type="INSTRUCTION" missed="6" covered="21"/><counter type="LINE" missed="4" covered="7"/><counter type="COMPLEXITY" missed="0" covered="1"/><counter type="METHOD" missed="0" covered="1"/></method><method name="format" desc="([DI)Ljava/lang/String;" line="136"><counter type="INSTRUCTION" missed="0" covered="89"/><counter type="BRANCH" missed="1" covered="7"/><counter type="LINE" missed="0" covered="13"/><counter type="COMPLEXITY" missed="1" covered="4"/><counter type="METHOD" missed="0" covered="1"/></method><method name="format" desc="(DI)Ljava/lang/String;" line="154"><counter type="INSTRUCTION" missed="7" covered="62"/><counter type="BRANCH" missed="2" covered="4"/><counter type="LINE" missed="2" covered="9"/><counter type="COMPLEXITY" missed="2" covered="2"/><counter type="METHOD" missed="0" covered="1"/></method><method name="&lt;clinit&gt;" desc="()V" line="32"><counter type="INSTRUCTION" missed="0" covered="32"/><counter type="LINE" missed="0" covered="1"/><counter type="COMPLEXITY" missed="0" covered="1"/><counter type="METHOD" missed="0" covered="1"/></method><counter type="INSTRUCTION" missed="24" covered="303"/><counter type="BRANCH" missed="4" covered="18"/><counter type="LINE" missed="8" covered="47"/><counter type="COMPLEXITY" missed="4" covered="12"/><counter type="METHOD" missed="0" covered="5"/><counter type="CLASS" missed="0" covered="1"/></class><class name="com/xin/popgen/estimators/ChiSquareTable"><method name="&lt;init&gt;" desc="()V" line="38"><counter type="INSTRUCTION" missed="0" covered="50"/><counter type="BRANCH" missed="0" covered="2"/><counter type="LINE" missed="0" covered="9"/><counter type="COMPLEXITY" missed="0" covered="2"/><counter type="METHOD" missed="0" covered="1"/></method><method name="getPvalue" desc="(Ljava/lang/String;)Ljava/lang/String;" line="56"><counter type="INSTRUCTION" missed="0" covered="13"/><counter type="BRANCH" missed="0" covered="2"/><counter type="LINE" missed="0" covered="2"/><counter type="COMPLEXITY" missed="0" covered="2"/><counter type="METHOD" missed="0" covered="1"/></method><counter type="INSTRUCTION" missed="0" covered="63"/><counter type="BRANCH" missed="0" covered="4"/><counter type="LINE" missed="0" covered="11"/><counter type="COMPLEXITY" missed="0" covered="4"/><counter type="METHOD" missed="0" covered="2"/><counter type="CLASS" missed="0" covered="1"/></class><class name="com/xin/popgen/estimators/PopVarMedianEstimator"><method name="&lt;init&gt;" desc="(Ljava/lang/String;Ljava/lang/String;Ljava/lang/String;Ljava/lang/String;C)V" line="40"><counter type="INSTRUCTION" missed="0" covered="13"/><counter type="LINE" missed="0" covered="3"/><counter type="COMPLEXITY" missed="0" covered="1"/><counter type="METHOD" missed="0" covered="1"/></method><method name="analyze" desc="()V" line="47"><counter type="INSTRUCTION" missed="0" covered="5"/><counter type="LINE" missed="0" covered="3"/><counter type="COMPLEXITY" missed="0" covered="1"/><counter type="METHOD" missed="0" covered="1"/></method><method name="writeHeader" desc="(Ljava/io/BufferedWriter;)V" line="57"><counter type="INSTRUCTION" missed="0" covered="1"/><counter type="LINE" missed="0" covered="1"/><counter type="COMPLEXITY" missed="0" covered="1"/><counter type="METHOD" missed="0" covered="1"/></method><method name="writeLine" desc="(Ljava/io/BufferedWriter;)V" line="61"><counter type="INSTRUCTION" missed="0" covered="45"/><counter type="BRANCH" missed="0" covered="2"/><counter type="LINE" missed="0" covered="8"/><counter type="COMPLEXITY" missed="0" covered="2"/><counter type="METHOD" missed="0" covered="1"/></method><counter type="INSTRUCTION" missed="0" covered="64"/><counter type="BRANCH" missed="0" covered="2"/><counter type="LINE" missed="0" covered="15"/><counter type="COMPLEXITY" missed="0" covered="5"/><counter type="METHOD" missed="0" covered="4"/><counter type="CLASS" missed="0" covered="1"/></class><class name="com/xin/popgen/estimators/Model"><method name="&lt;init&gt;" desc="()V" line="23"><counter type="INSTRUCTION" missed="3" covered="0"/><counter type="LINE" missed="1" covered="0"/><counter type="COMPLEXITY" missed="1" covered="0"/><counter type="METHOD" missed="1" covered="0"/></method><method name="calLogOdds" desc="(IIII)D" line="35"><counter type="INSTRUCTION" missed="0" covered="14"/><counter type="LINE" missed="0" covered="2"/><counter type="COMPLEXITY" missed="0" covered="1"/><counter type="METHOD" missed="0" covered="1"/></method><method name="calVarLogOdds" desc="(IIII)D" line="49"><counter type="INSTRUCTION" missed="0" covered="21"/><counter type="LINE" missed="0" covered="2"/><counter type="COMPLEXITY" missed="0" covered="1"/><counter type="METHOD" missed="0" covered="1"/></method><method name="calVarOmega" desc="(IIII)D" line="63"><counter type="INSTRUCTION" missed="0" covered="21"/><counter type="LINE" missed="0" covered="3"/><counter type="COMPLEXITY" missed="0" covered="1"/><counter type="METHOD" missed="0" covered="1"/></method><method name="correctContinuous" desc="(I)D" line="75"><counter type="INSTRUCTION" missed="0" covered="11"/><counter type="BRANCH" missed="0" covered="2"/><counter type="LINE" missed="0" covered="1"/><counter type="COMPLEXITY" missed="0" covered="2"/><counter type="METHOD" missed="0" covered="1"/></method><method name="round" desc="(D)D" line="85"><counter type="INSTRUCTION" missed="2" covered="16"/><counter type="BRANCH" missed="1" covered="1"/><counter type="LINE" missed="0" covered="2"/><counter type="COMPLEXITY" missed="1" covered="1"/><counter type="METHOD" missed="0" covered="1"/></method><counter type="INSTRUCTION" missed="5" covered="83"/><counter type="BRANCH" missed="1" covered="3"/><counter type="LINE" missed="1" covered="10"/><counter type="COMPLEXITY" missed="2" covered="6"/><counter type="METHOD" missed="1" covered="5"/><counter type="CLASS" missed="0" covered="1"/></class><class name="com/xin/popgen/estimators/TDigestPopVarMedianEstimator"><method name="&lt;init&gt;" desc="(Ljava/lang/String;Ljava/lang/String;Ljava/lang/String;Ljava/lang/String;C)V" line="41"><counter type="INSTRUCTION" missed="0" covered="27"/><counter type="BRANCH" missed="0" covered="2"/><counter type="LINE" missed="0" covered="5"/><counter type="COMPLEXITY" missed="0" covered="2"/><counter type="METHOD" missed="0" covered="1"/></method><method name="findMedians" desc="()V" line="51"><counter type="INSTRUCTION" missed="0" covered="120"/><counter type="BRANCH" missed="0" covered="12"/><counter type="LINE" missed="0" covered="14"/><counter type="COMPLEXITY" missed="0" covered="7"/><counter type="METHOD" missed="0" covered="1"/></method><counter type="INSTRUCTION" missed="0" covered="147"/><counter type="BRANCH" missed="0" covered="14"/><counter type="LINE" missed="0" covered="19"/><counter type="COMPLEXITY" missed="0" covered="9"/><counter type="METHOD" missed="0" covered="2"/><counter type="CLASS" missed="0" covered="1"/></class><class name="com/xin/popgen/estimators/SeleDiffEstimator"><method name="&lt;init&gt;" desc="(Ljava/lang/String;Ljava/lang/String;Ljava/lang/String;Ljava/lang/String;Ljava/lang/String;Ljava/lang/String;C)V" line="40"><counter type="INSTRUCTION" missed="0" covered="29"/><counter type="LINE" missed="0" covered="5"/><counter type="COMPLEXITY" missed="0" covered="1"/><counter type="METHOD" missed="0" covered="1"/></method><method name="analyze" desc="()V" line="59"><counter type="INSTRUCTION" missed="0" covered="3"/><counter type="LINE" missed="0" covered="2"/><counter type="COMPLEXITY" missed="0" covered="1"/><counter type="METHOD" missed="0" covered="1"/></method><method name="writeLine" desc="(Ljava/io/BufferedWriter;)V" line="64"><counter type="INSTRUCTION" missed="0" covered="210"/><counter type="BRANCH" missed="0" covered="6"/><counter type="LINE" missed="0" covered="31"/><counter type="COMPLEXITY" missed="0" covered="4"/><counter type="METHOD" missed="0" covered="1"/></method><method name="writeHeader" desc="(Ljava/io/BufferedWriter;)V" line="105"><counter type="INSTRUCTION" missed="0" covered="36"/><counter type="LINE" missed="0" covered="15"/><counter type="COMPLEXITY" missed="0" covered="1"/><counter type="METHOD" missed="0" covered="1"/></method><counter type="INSTRUCTION" missed="0" covered="278"/><counter type="BRANCH" missed="0" covered="6"/><counter type="LINE" missed="0" covered="53"/><counter type="COMPLEXITY" missed="0" covered="7"/><counter type="METHOD" missed="0" covered="4"/><counter type="CLASS" missed="0" covered="1"/></class><sourcefile name="Model.java"><line nr="23" mi="3" ci="0" mb="0" cb="0"/><line nr="35" mi="0" ci="9" mb="0" cb="0"/><line nr="36" mi="0" ci="5" mb="0" cb="0"/><line nr="49" mi="0" ci="13" mb="0" cb="0"/><line nr="50" mi="0" ci="8" mb="0" cb="0"/><line nr="63" mi="0" ci="6" mb="0" cb="0"/><line nr="64" mi="0" ci="6" mb="0" cb="0"/><line nr="65" mi="0" ci="9" mb="0" cb="0"/><line nr="75" mi="0" ci="11" mb="0" cb="2"/><line nr="85" mi="2" ci="12" mb="1" cb="1"/><line nr="86" mi="0" ci="4" mb="0" cb="0"/><counter type="INSTRUCTION" missed="5" covered="83"/><counter type="BRANCH" missed="1" covered="3"/><counter type="LINE" missed="1" covered="10"/><counter type="COMPLEXITY" missed="2" covered="6"/><counter type="METHOD" missed="1" covered="5"/><counter type="CLASS" missed="0" covered="1"/></sourcefile><sourcefile name="SeleDiffEstimator.java"><line nr="40" mi="0" ci="5" mb="0" cb="0"/><line nr="52" mi="0" ci="7" mb="0" cb="0"/><line nr="53" mi="0" ci="8" mb="0" cb="0"/><line nr="54" mi="0" ci="8" mb="0" cb="0"/><line nr="55" mi="0" ci="1" mb="0" cb="0"/><line nr="59" mi="0" ci="2" mb="0" cb="0"/><line nr="60" mi="0" ci="1" mb="0" cb="0"/><line nr="64" mi="0" ci="2" mb="0" cb="0"/><line nr="66" mi="0" ci="6" mb="0" cb="2"/><line nr="67" mi="0" ci="1" mb="0" cb="0"/><line nr="68" mi="0" ci="4" mb="0" cb="0"/><line nr="69" mi="0" ci="8" mb="0" cb="2"/><line nr="70" mi="0" ci="10" mb="0" cb="2"/><line nr="71" mi="0" ci="6" mb="0" cb="0"/><line nr="72" mi="0" ci="5" mb="0" cb="0"/><line nr="73" mi="0" ci="6" mb="0" cb="0"/><line nr="74" mi="0" ci="22" mb="0" cb="0"/><line nr="76" mi="0" ci="22" mb="0" cb="0"/><line nr="78" mi="0" ci="4" mb="0" cb="0"/><line nr="79" mi="0" ci="7" mb="0" cb="0"/><line nr="81" mi="0" ci="11" mb="0" cb="0"/><line nr="82" mi="0" ci="27" mb="0" cb="0"/><line nr="84" mi="0" ci="3" mb="0" cb="0"/><line nr="85" mi="0" ci="3" mb="0" cb="0"/><line nr="86" mi="0" ci="8" mb="0" cb="0"/><line nr="87" mi="0" ci="3" mb="0" cb="0"/><line nr="88" mi="0" ci="8" mb="0" cb="0"/><line nr="89" mi="0" ci="3" mb="0" cb="0"/><line nr="90" mi="0" ci="6" mb="0" cb="0"/><line nr="91" mi="0" ci="3" mb="0" cb="0"/><line nr="92" mi="0" ci="3" mb="0" cb="0"/><line nr="93" mi="0" ci="3" mb="0" cb="0"/><line nr="94" mi="0" ci="6" mb="0" cb="0"/><line nr="95" mi="0" ci="2" mb="0" cb="0"/><line nr="98" mi="0" ci="1" mb="0" cb="0"/><line nr="99" mi="0" ci="13" mb="0" cb="0"/><line nr="100" mi="0" ci="3" mb="0" cb="0"/><line nr="101" mi="0" ci="1" mb="0" cb="0"/><line nr="105" mi="0" ci="5" mb="0" cb="0"/><line nr="106" mi="0" ci="4" mb="0" cb="0"/><line nr="107" mi="0" ci="2" mb="0" cb="0"/><line nr="108" mi="0" ci="2" mb="0" cb="0"/><line nr="109" mi="0" ci="2" mb="0" cb="0"/><line nr="110" mi="0" ci="2" mb="0" cb="0"/><line nr="111" mi="0" ci="2" mb="0" cb="0"/><line nr="112" mi="0" ci="2" mb="0" cb="0"/><line nr="113" mi="0" ci="2" mb="0" cb="0"/><line nr="114" mi="0" ci="2" mb="0" cb="0"/><line nr="115" mi="0" ci="2" mb="0" cb="0"/><line nr="116" mi="0" ci="2" mb="0" cb="0"/><line nr="117" mi="0" ci="2" mb="0" cb="0"/><line nr="118" mi="0" ci="4" mb="0" cb="0"/><line nr="119" mi="0" ci="1" mb="0" cb="0"/><counter type="INSTRUCTION" missed="0" covered="278"/><counter type="BRANCH" missed="0" covered="6"/><counter type="LINE" missed="0" covered="53"/><counter type="COMPLEXITY" missed="0" covered="7"/><counter type="METHOD" missed="0" covered="4"/><counter type="CLASS" missed="0" covered="1"/></sourcefile><sourcefile name="TDigestPopVarMedianEstimator.java"><line nr="41" mi="0" ci="7" mb="0" cb="0"/><line nr="42" mi="0" ci="5" mb="0" cb="0"/><line nr="43" mi="0" ci="8" mb="0" cb="2"/><line nr="44" mi="0" ci="6" mb="0" cb="0"/><line nr="46" mi="0" ci="1" mb="0" cb="0"/><line nr="51" mi="0" ci="2" mb="0" cb="0"/><line nr="52" mi="0" ci="6" mb="0" cb="2"/><line nr="53" mi="0" ci="1" mb="0" cb="0"/><line nr="54" mi="0" ci="9" mb="0" cb="2"/><line nr="55" mi="0" ci="10" mb="0" cb="2"/><line nr="57" mi="0" ci="24" mb="0" cb="4"/><line nr="58" mi="0" ci="1" mb="0" cb="0"/><line nr="59" mi="0" ci="6" mb="0" cb="0"/><line nr="60" mi="0" ci="26" mb="0" cb="0"/><line nr="65" mi="0" ci="8" mb="0" cb="2"/><line nr="66" mi="0" ci="10" mb="0" cb="0"/><line nr="68" mi="0" ci="13" mb="0" cb="0"/><line nr="69" mi="0" ci="3" mb="0" cb="0"/><line nr="70" mi="0" ci="1" mb="0" cb="0"/><counter type="INSTRUCTION" missed="0" covered="147"/><counter type="BRANCH" missed="0" covered="14"/><counter type="LINE" missed="0" covered="19"/><counter type="COMPLEXITY" missed="0" covered="9"/><counter type="METHOD" missed="0" covered="2"/><counter type="CLASS" missed="0" covered="1"/></sourcefile><sourcefile name="EstimatorFactory.java"><line nr="29" mi="3" ci="0" mb="0" cb="0"/><line nr="40" mi="0" ci="2" mb="0" cb="0"/><line nr="42" mi="0" ci="5" mb="0" cb="2"/><line nr="43" mi="0" ci="10" mb="0" cb="0"/><line nr="45" mi="0" ci="2" mb="2" cb="2"/><line nr="47" mi="12" ci="0" mb="0" cb="0"/><line nr="52" mi="1" ci="0" mb="0" cb="0"/><line nr="54" mi="0" ci="13" mb="0" cb="0"/><line nr="61" mi="0" ci="1" mb="0" cb="0"/><line nr="63" mi="0" ci="13" mb="0" cb="0"/><line nr="70" mi="0" ci="1" mb="0" cb="0"/><line nr="73" mi="0" ci="6" mb="1" cb="1"/><line nr="74" mi="0" ci="10" mb="0" cb="0"/><line nr="76" mi="0" ci="2" mb="2" cb="2"/><line nr="78" mi="16" ci="0" mb="0" cb="0"/><line nr="85" mi="1" ci="0" mb="0" cb="0"/><line nr="87" mi="0" ci="17" mb="0" cb="0"/><line nr="96" mi="0" ci="1" mb="0" cb="0"/><line nr="98" mi="0" ci="17" mb="0" cb="0"/><line nr="107" mi="0" ci="1" mb="0" cb="0"/><line nr="112" mi="0" ci="2" mb="0" cb="0"/><line nr="126" mi="0" ci="2" mb="0" cb="0"/><line nr="128" mi="0" ci="4" mb="0" cb="4"/><line nr="129" mi="0" ci="5" mb="0" cb="0"/><line nr="130" mi="0" ci="4" mb="1" cb="3"/><line nr="131" mi="0" ci="5" mb="0" cb="0"/><line nr="132" mi="0" ci="4" mb="0" cb="4"/><line nr="133" mi="0" ci="5" mb="0" cb="0"/><line nr="134" mi="0" ci="4" mb="0" cb="4"/><line nr="135" mi="0" ci="5" mb="0" cb="0"/><line nr="136" mi="0" ci="6" mb="1" cb="5"/><line nr="137" mi="0" ci="5" mb="0" cb="0"/><line nr="138" mi="0" ci="4" mb="0" cb="4"/><line nr="139" mi="0" ci="5" mb="0" cb="0"/><line nr="140" mi="0" ci="4" mb="0" cb="2"/><line nr="141" mi="2" ci="2" mb="1" cb="1"/><line nr="143" mi="0" ci="2" mb="0" cb="0"/><counter type="INSTRUCTION" missed="35" covered="169"/><counter type="BRANCH" missed="8" covered="34"/><counter type="LINE" missed="5" covered="32"/><counter type="COMPLEXITY" missed="9" covered="17"/><counter type="METHOD" missed="1" covered="2"/><counter type="CLASS" missed="0" covered="1"/></sourcefile><sourcefile name="Estimator.java"><line nr="32" mi="0" ci="32" mb="0" cb="0"/><line nr="46" mi="0" ci="3" mb="0" cb="0"/><line nr="65" mi="0" ci="2" mb="0" cb="0"/><line nr="66" mi="0" ci="3" mb="0" cb="0"/><line nr="67" mi="0" ci="6" mb="1" cb="3"/><line nr="68" mi="0" ci="6" mb="0" cb="0"/><line nr="69" mi="0" ci="5" mb="0" cb="0"/><line nr="70" mi="0" ci="5" mb="0" cb="0"/><line nr="71" mi="0" ci="3" mb="0" cb="2"/><line nr="72" mi="0" ci="12" mb="0" cb="0"/><line nr="74" mi="0" ci="12" mb="0" cb="0"/><line nr="77" mi="6" ci="0" mb="0" cb="0"/><line nr="78" mi="5" ci="0" mb="0" cb="0"/><line nr="81" mi="0" ci="5" mb="0" cb="0"/><line nr="82" mi="0" ci="11" mb="0" cb="0"/><line nr="83" mi="0" ci="3" mb="0" cb="0"/><line nr="86" mi="0" ci="6" mb="0" cb="0"/><line nr="87" mi="0" ci="8" mb="0" cb="2"/><line nr="88" mi="0" ci="8" mb="0" cb="0"/><line nr="90" mi="0" ci="1" mb="0" cb="0"/><line nr="103" mi="0" ci="2" mb="0" cb="0"/><line nr="105" mi="0" ci="9" mb="0" cb="0"/><line nr="106" mi="0" ci="3" mb="0" cb="0"/><line nr="107" mi="0" ci="3" mb="0" cb="0"/><line nr="108" mi="1" ci="0" mb="0" cb="0"/><line nr="109" mi="2" ci="0" mb="0" cb="0"/><line nr="112" mi="0" ci="2" mb="0" cb="0"/><line nr="113" mi="1" ci="0" mb="0" cb="0"/><line nr="114" mi="2" ci="0" mb="0" cb="0"/><line nr="115" mi="0" ci="1" mb="0" cb="0"/><line nr="117" mi="0" ci="1" mb="0" cb="0"/><line nr="136" mi="0" ci="4" mb="0" cb="0"/><line nr="137" mi="0" ci="16" mb="0" cb="2"/><line nr="138" mi="0" ci="4" mb="0" cb="2"/><line nr="139" mi="0" ci="4" mb="0" cb="0"/><line nr="140" mi="0" ci="3" mb="0" cb="0"/><line nr="142" mi="0" ci="4" mb="0" cb="0"/><line nr="143" mi="0" ci="8" mb="0" cb="0"/><line nr="144" mi="0" ci="10" mb="0" cb="0"/><line nr="145" mi="0" ci="5" mb="0" cb="0"/><line nr="146" mi="0" ci="19" mb="1" cb="3"/><line nr="147" mi="0" ci="5" mb="0" cb="0"/><line nr="148" mi="0" ci="4" mb="0" cb="0"/><line nr="150" mi="0" ci="3" mb="0" cb="0"/><line nr="154" mi="0" ci="4" mb="0" cb="0"/><line nr="155" mi="0" ci="4" mb="1" cb="1"/><line nr="156" mi="4" ci="0" mb="0" cb="0"/><line nr="157" mi="3" ci="0" mb="0" cb="0"/><line nr="159" mi="0" ci="4" mb="0" cb="0"/><line nr="160" mi="0" ci="8" mb="0" cb="0"/><line nr="161" mi="0" ci="10" mb="0" cb="0"/><line nr="162" mi="0" ci="5" mb="0" cb="0"/><line nr="163" mi="0" ci="19" mb="1" cb="3"/><line nr="164" mi="0" ci="5" mb="0" cb="0"/><line nr="165" mi="0" ci="3" mb="0" cb="0"/><counter type="INSTRUCTION" missed="24" covered="303"/><counter type="BRANCH" missed="4" covered="18"/><counter type="LINE" missed="8" covered="47"/><counter type="COMPLEXITY" missed="4" covered="12"/><counter type="METHOD" missed="0" covered="5"/><counter type="CLASS" missed="0" covered="1"/></sourcefile><sourcefile name="ChiSquareTable.java"><line nr="38" mi="0" ci="2" mb="0" cb="0"/><line nr="39" mi="0" ci="5" mb="0" cb="0"/><line nr="40" mi="0" ci="5" mb="0" cb="0"/><line nr="41" mi="0" ci="2" mb="0" cb="0"/><line nr="42" mi="0" ci="4" mb="0" cb="2"/><line nr="43" mi="0" ci="21" mb="0" cb="0"/><line nr="44" mi="0" ci="5" mb="0" cb="0"/><line nr="45" mi="0" ci="5" mb="0" cb="0"/><line nr="47" mi="0" ci="1" mb="0" cb="0"/><line nr="56" mi="0" ci="7" mb="0" cb="2"/><line nr="58" mi="0" ci="6" mb="0" cb="0"/><counter type="INSTRUCTION" missed="0" covered="63"/><counter type="BRANCH" missed="0" covered="4"/><counter type="LINE" missed="0" covered="11"/><counter type="COMPLEXITY" missed="0" covered="4"/><counter type="METHOD" missed="0" covered="2"/><counter type="CLASS" missed="0" covered="1"/></sourcefile><sourcefile name="PopVarMedianEstimator.java"><line nr="40" mi="0" ci="7" mb="0" cb="0"/><line nr="42" mi="0" ci="5" mb="0" cb="0"/><line nr="43" mi="0" ci="1" mb="0" cb="0"/><line nr="47" mi="0" ci="2" mb="0" cb="0"/><line nr="48" mi="0" ci="2" mb="0" cb="0"/><line nr="49" mi="0" ci="1" mb="0" cb="0"/><line nr="57" mi="0" ci="1" mb="0" cb="0"/><line nr="61" mi="0" ci="8" mb="0" cb="2"/><line nr="62" mi="0" ci="5" mb="0" cb="0"/><line nr="63" mi="0" ci="14" mb="0" cb="0"/><line nr="64" mi="0" ci="7" mb="0" cb="0"/><line nr="65" mi="0" ci="4" mb="0" cb="0"/><line nr="66" mi="0" ci="2" mb="0" cb="0"/><line nr="67" mi="0" ci="4" mb="0" cb="0"/><line nr="69" mi="0" ci="1" mb="0" cb="0"/><counter type="INSTRUCTION" missed="0" covered="64"/><counter type="BRANCH" missed="0" covered="2"/><counter type="LINE" missed="0" covered="15"/><counter type="COMPLEXITY" missed="0" covered="5"/><counter type="METHOD" missed="0" covered="4"/><counter type="CLASS" missed="0" covered="1"/></sourcefile><counter type="INSTRUCTION" missed="64" covered="1107"/><counter type="BRANCH" missed="13" covered="81"/><counter type="LINE" missed="14" covered="187"/><counter type="COMPLEXITY" missed="15" covered="60"/><counter type="METHOD" missed="2" covered="24"/><counter type="CLASS" missed="0" covered="7"/></package><package name="com/xin/popgen/main"><class name="com/xin/popgen/main/SeleDiff"><method name="&lt;init&gt;" desc="()V" line="26"><counter type="INSTRUCTION" missed="3" covered="0"/><counter type="LINE" missed="1" covered="0"/><counter type="COMPLEXITY" missed="1" covered="0"/><counter type="METHOD" missed="1" covered="0"/></method><method name="main" desc="([Ljava/lang/String;)V" line="30"><counter type="INSTRUCTION" missed="0" covered="41"/><counter type="BRANCH" missed="0" covered="2"/><counter type="LINE" missed="0" covered="13"/><counter type="COMPLEXITY" missed="0" covered="2"/><counter type="METHOD" missed="0" covered="1"/></method><counter type="INSTRUCTION" missed="3" covered="41"/><counter type="BRANCH" missed="0" covered="2"/><counter type="LINE" missed="1" covered="13"/><counter type="COMPLEXITY" missed="1" covered="2"/><counter type="METHOD" missed="1" covered="1"/><counter type="CLASS" missed="0" covered="1"/></class><class name="com/xin/popgen/main/ComputeDiff"><method name="&lt;init&gt;" desc="()V" line="28"><counter type="INSTRUCTION" missed="0" covered="3"/><counter type="LINE" missed="0" covered="1"/><counter type="COMPLEXITY" missed="0" covered="1"/><counter type="METHOD" missed="0" covered="1"/></method><counter type="INSTRUCTION" missed="0" covered="3"/><counter type="LINE" missed="0" covered="1"/><counter type="COMPLEXITY" missed="0" covered="1"/><counter type="METHOD" missed="0" covered="1"/><counter type="CLASS" missed="0" covered="1"/></class><class name="com/xin/popgen/main/ComputeVar$FileValidator"><method name="&lt;init&gt;" desc="()V" line="71"><counter type="INSTRUCTION" missed="0" covered="3"/><counter type="LINE" missed="0" covered="1"/><counter type="COMPLEXITY" missed="0" covered="1"/><counter type="METHOD" missed="0" covered="1"/></method><method name="validate" desc="(Ljava/lang/String;Ljava/lang/String;)V" line="75"><counter type="INSTRUCTION" missed="0" covered="91"/><counter type="BRANCH" missed="1" covered="9"/><counter type="LINE" missed="0" covered="13"/><counter type="COMPLEXITY" missed="1" covered="5"/><counter type="METHOD" missed="0" covered="1"/></method><counter type="INSTRUCTION" missed="0" covered="94"/><counter type="BRANCH" missed="1" covered="9"/><counter type="LINE" missed="0" covered="14"/><counter type="COMPLEXITY" missed="1" covered="6"/><counter type="METHOD" missed="0" covered="2"/><counter type="CLASS" missed="0" covered="1"/></class><class name="com/xin/popgen/main/ComputeVar"><method name="&lt;init&gt;" desc="()V" line="34"><counter type="INSTRUCTION" missed="0" covered="3"/><counter type="LINE" missed="0" covered="1"/><counter type="COMPLEXITY" missed="0" covered="1"/><counter type="METHOD" missed="0" covered="1"/></method><counter type="INSTRUCTION" missed="0" covered="3"/><counter type="LINE" missed="0" covered="1"/><counter type="COMPLEXITY" missed="0" covered="1"/><counter type="METHOD" missed="0" covered="1"/><counter type="CLASS" missed="0" covered="1"/></class><sourcefile name="ComputeDiff.java"><line nr="28" mi="0" ci="3" mb="0" cb="0"/><counter type="INSTRUCTION" missed="0" covered="3"/><counter type="LINE" missed="0" covered="1"/><counter type="COMPLEXITY" missed="0" covered="1"/><counter type="METHOD" missed="0" covered="1"/><counter type="CLASS" missed="0" covered="1"/></sourcefile><sourcefile name="SeleDiff.java"><line nr="26" mi="3" ci="0" mb="0" cb="0"/><line nr="30" mi="0" ci="4" mb="0" cb="0"/><line nr="31" mi="0" ci="4" mb="0" cb="0"/><line nr="32" mi="0" ci="5" mb="0" cb="0"/><line nr="33" mi="0" ci="5" mb="0" cb="0"/><line nr="34" mi="0" ci="1" mb="0" cb="0"/><line nr="35" mi="0" ci="2" mb="0" cb="0"/><line nr="36" mi="0" ci="3" mb="0" cb="0"/><line nr="38" mi="0" ci="3" mb="0" cb="2"/><line nr="39" mi="0" ci="3" mb="0" cb="0"/><line nr="42" mi="0" ci="3" mb="0" cb="0"/><line nr="43" mi="0" ci="5" mb="0" cb="0"/><line nr="44" mi="0" ci="2" mb="0" cb="0"/><line nr="47" mi="0" ci="1" mb="0" cb="0"/><counter type="INSTRUCTION" missed="3" covered="41"/><counter type="BRANCH" missed="0" covered="2"/><counter type="LINE" missed="1" covered="13"/><counter type="COMPLEXITY" missed="1" covered="2"/><counter type="METHOD" missed="1" covered="1"/><counter type="CLASS" missed="0" covered="1"/></sourcefile><sourcefile name="ComputeVar.java"><line nr="34" mi="0" ci="3" mb="0" cb="0"/><line nr="71" mi="0" ci="3" mb="0" cb="0"/><line nr="75" mi="0" ci="5" mb="0" cb="0"/><line nr="77" mi="0" ci="4" mb="0" cb="2"/><line nr="78" mi="0" ci="3" mb="0" cb="0"/><line nr="79" mi="0" ci="4" mb="1" cb="1"/><line nr="80" mi="0" ci="7" mb="0" cb="0"/><line nr="81" mi="0" ci="6" mb="0" cb="2"/><line nr="82" mi="0" ci="18" mb="0" cb="0"/><line nr="84" mi="0" ci="1" mb="0" cb="0"/><line nr="85" mi="0" ci="3" mb="0" cb="2"/><line nr="86" mi="0" ci="18" mb="0" cb="0"/><line nr="87" mi="0" ci="3" mb="0" cb="2"/><line nr="88" mi="0" ci="18" mb="0" cb="0"/><line nr="89" mi="0" ci="1" mb="0" cb="0"/><counter type="INSTRUCTION" missed="0" covered="97"/><counter type="BRANCH" missed="1" covered="9"/><counter type="LINE" missed="0" covered="15"/><counter type="COMPLEXITY" missed="1" covered="7"/><counter type="METHOD" missed="0" covered="3"/><counter type="CLASS" missed="0" covered="2"/></sourcefile><counter type="INSTRUCTION" missed="3" covered="141"/><counter type="BRANCH" missed="1" covered="11"/><counter type="LINE" missed="1" covered="29"/><counter type="COMPLEXITY" missed="2" covered="10"/><counter type="METHOD" missed="1" covered="5"/><counter type="CLASS" missed="0" covered="4"/></package><package name="com/xin/popgen/infos"><class name="com/xin/popgen/infos/VcfInfo"><method name="&lt;init&gt;" desc="(Ljava/lang/String;Lcom/xin/popgen/infos/IndInfo;Lcom/xin/popgen/infos/PopInfo;Z)V" line="38"><counter type="INSTRUCTION" missed="3" covered="36"/><counter type="BRANCH" missed="1" covered="5"/><counter type="LINE" missed="2" covered="11"/><counter type="COMPLEXITY" missed="1" covered="3"/><counter type="METHOD" missed="0" covered="1"/></method><method name="parseLine" desc="(Ljava/lang/String;)V" line="65"><counter type="INSTRUCTION" missed="1" covered="0"/><counter type="LINE" missed="1" covered="0"/><counter type="COMPLEXITY" missed="1" covered="0"/><counter type="METHOD" missed="1" covered="0"/></method><method name="close" desc="()V" line="72"><counter type="INSTRUCTION" missed="3" covered="5"/><counter type="LINE" missed="2" covered="3"/><counter type="COMPLEXITY" missed="0" covered="1"/><counter type="METHOD" missed="0" covered="1"/></method><method name="countAlleles" desc="()[[I" line="80"><counter type="INSTRUCTION" missed="3" covered="23"/><counter type="BRANCH" missed="0" covered="2"/><counter type="LINE" missed="2" covered="7"/><counter type="COMPLEXITY" missed="0" covered="2"/><counter type="METHOD" missed="0" covered="1"/></method><method name="countAlleles" desc="(Ljava/lang/String;)[[I" line="99"><counter type="INSTRUCTION" missed="0" covered="120"/><counter type="BRANCH" missed="0" covered="12"/><counter type="LINE" missed="0" covered="17"/><counter type="COMPLEXITY" missed="0" covered="7"/><counter type="METHOD" missed="0" covered="1"/></method><counter type="INSTRUCTION" missed="10" covered="184"/><counter type="BRANCH" missed="1" covered="19"/><counter type="LINE" missed="7" covered="38"/><counter type="COMPLEXITY" missed="2" covered="13"/><counter type="METHOD" missed="1" covered="4"/><counter type="CLASS" missed="0" covered="1"/></class><class name="com/xin/popgen/infos/CountInfo"><method name="&lt;init&gt;" desc="()V" line="18"><counter type="INSTRUCTION" missed="0" covered="13"/><counter type="LINE" missed="0" covered="4"/><counter type="COMPLEXITY" missed="0" covered="1"/><counter type="METHOD" missed="0" covered="1"/></method><method name="&lt;init&gt;" desc="(Ljava/lang/String;)V" line="18"><counter type="INSTRUCTION" missed="17" covered="105"/><counter type="BRANCH" missed="1" covered="5"/><counter type="LINE" missed="2" covered="22"/><counter type="COMPLEXITY" missed="1" covered="3"/><counter type="METHOD" missed="0" covered="1"/></method><method name="close" desc="()V" line="68"><counter type="INSTRUCTION" missed="3" covered="5"/><counter type="LINE" missed="2" covered="3"/><counter type="COMPLEXITY" missed="0" covered="1"/><counter type="METHOD" missed="0" covered="1"/></method><method name="getSnpInfo" desc="()Ljava/lang/String;" line="79"><counter type="INSTRUCTION" missed="0" covered="3"/><counter type="LINE" missed="0" covered="1"/><counter type="COMPLEXITY" missed="0" covered="1"/><counter type="METHOD" missed="0" covered="1"/></method><method name="getPopInfo" desc="()Lcom/xin/popgen/infos/PopInfo;" line="86"><counter type="INSTRUCTION" missed="0" covered="3"/><counter type="LINE" missed="0" covered="1"/><counter type="COMPLEXITY" missed="0" covered="1"/><counter type="METHOD" missed="0" covered="1"/></method><method name="countAlleles" desc="()[[I" line="94"><counter type="INSTRUCTION" missed="6" covered="20"/><counter type="BRANCH" missed="1" covered="1"/><counter type="LINE" missed="3" covered="6"/><counter type="COMPLEXITY" missed="1" covered="1"/><counter type="METHOD" missed="0" covered="1"/></method><method name="countAlleles" desc="(Ljava/lang/String;)[[I" line="113"><counter type="INSTRUCTION" missed="0" covered="65"/><counter type="BRANCH" missed="0" covered="2"/><counter type="LINE" missed="0" covered="10"/><counter type="COMPLEXITY" missed="0" covered="2"/><counter type="METHOD" missed="0" covered="1"/></method><method name="parseLine" desc="(Ljava/lang/String;)V" line="127"><counter type="INSTRUCTION" missed="1" covered="0"/><counter type="LINE" missed="1" covered="0"/><counter type="COMPLEXITY" missed="1" covered="0"/><counter type="METHOD" missed="1" covered="0"/></method><counter type="INSTRUCTION" missed="27" covered="214"/><counter type="BRANCH" missed="2" covered="8"/><counter type="LINE" missed="8" covered="44"/><counter type="COMPLEXITY" missed="3" covered="10"/><counter type="METHOD" missed="1" covered="7"/><counter type="CLASS" missed="0" covered="1"/></class><class name="com/xin/popgen/infos/GenoInfo"><method name="&lt;init&gt;" desc="(Ljava/lang/String;Lcom/xin/popgen/infos/IndInfo;Lcom/xin/popgen/infos/PopInfo;Ljava/lang/String;)V" line="37"><counter type="INSTRUCTION" missed="0" covered="13"/><counter type="LINE" missed="0" covered="3"/><counter type="COMPLEXITY" missed="0" covered="1"/><counter type="METHOD" missed="0" covered="1"/></method><method name="close" desc="()V" line="44"><counter type="INSTRUCTION" missed="3" covered="8"/><counter type="LINE" missed="2" covered="4"/><counter type="COMPLEXITY" missed="0" covered="1"/><counter type="METHOD" missed="0" covered="1"/></method><method name="getSnpInfo" desc="()Ljava/lang/String;" line="52"><counter type="INSTRUCTION" missed="0" covered="4"/><counter type="LINE" missed="0" covered="1"/><counter type="COMPLEXITY" missed="0" covered="1"/><counter type="METHOD" missed="0" covered="1"/></method><method name="countAlleles" desc="()[[I" line="56"><counter type="INSTRUCTION" missed="3" covered="29"/><counter type="BRANCH" missed="0" covered="2"/><counter type="LINE" missed="2" covered="7"/><counter type="COMPLEXITY" missed="0" covered="2"/><counter type="METHOD" missed="0" covered="1"/></method><method name="countAlleles" desc="([C)[[I" line="75"><counter type="INSTRUCTION" missed="5" covered="72"/><counter type="BRANCH" missed="1" covered="7"/><counter type="LINE" missed="1" covered="14"/><counter type="COMPLEXITY" missed="1" covered="5"/><counter type="METHOD" missed="0" covered="1"/></method><counter type="INSTRUCTION" missed="11" covered="126"/><counter type="BRANCH" missed="1" covered="9"/><counter type="LINE" missed="5" covered="29"/><counter type="COMPLEXITY" missed="1" covered="10"/><counter type="METHOD" missed="0" covered="5"/><counter type="CLASS" missed="0" covered="1"/></class><class name="com/xin/popgen/infos/SnpInfo"><method name="&lt;init&gt;" desc="(Ljava/lang/String;)V" line="32"><counter type="INSTRUCTION" missed="0" covered="15"/><counter type="LINE" missed="0" covered="5"/><counter type="COMPLEXITY" missed="0" covered="1"/><counter type="METHOD" missed="0" covered="1"/></method><method name="close" desc="()V" line="52"><counter type="INSTRUCTION" missed="3" covered="5"/><counter type="LINE" missed="2" covered="3"/><counter type="COMPLEXITY" missed="0" covered="1"/><counter type="METHOD" missed="0" covered="1"/></method><method name="get" desc="()Ljava/lang/String;" line="63"><counter type="INSTRUCTION" missed="3" covered="35"/><counter type="BRANCH" missed="1" covered="1"/><counter type="LINE" missed="2" covered="7"/><counter type="COMPLEXITY" missed="1" covered="1"/><counter type="METHOD" missed="0" covered="1"/></method><method name="parseLine" desc="(Ljava/lang/String;)V" line="77"><counter type="INSTRUCTION" missed="1" covered="0"/><counter type="LINE" missed="1" covered="0"/><counter type="COMPLEXITY" missed="1" covered="0"/><counter type="METHOD" missed="1" covered="0"/></method><counter type="INSTRUCTION" missed="7" covered="55"/><counter type="BRANCH" missed="1" covered="1"/><counter type="LINE" missed="5" covered="15"/><counter type="COMPLEXITY" missed="2" covered="3"/><counter type="METHOD" missed="1" covered="3"/><counter type="CLASS" missed="0" covered="1"/></class><class name="com/xin/popgen/infos/PopInfo"><method name="&lt;init&gt;" desc="(Ljava/util/HashMap;[Ljava/lang/String;)V" line="20"><counter type="INSTRUCTION" missed="0" covered="13"/><counter type="LINE" missed="0" covered="5"/><counter type="COMPLEXITY" missed="0" covered="1"/><counter type="METHOD" missed="0" covered="1"/></method><method name="getPopNum" desc="()I" line="31"><counter type="INSTRUCTION" missed="0" covered="3"/><counter type="LINE" missed="0" covered="1"/><counter type="COMPLEXITY" missed="0" covered="1"/><counter type="METHOD" missed="0" covered="1"/></method><method name="containsPopId" desc="(Ljava/lang/String;)Z" line="40"><counter type="INSTRUCTION" missed="0" covered="5"/><counter type="LINE" missed="0" covered="1"/><counter type="COMPLEXITY" missed="0" covered="1"/><counter type="METHOD" missed="0" covered="1"/></method><method name="getPopPairIndex" desc="(Ljava/lang/String;Ljava/lang/String;)I" line="51"><counter type="INSTRUCTION" missed="0" covered="9"/><counter type="LINE" missed="0" covered="1"/><counter type="COMPLEXITY" missed="0" covered="1"/><counter type="METHOD" missed="0" covered="1"/></method><method name="getPopId" desc="(I)Ljava/lang/String;" line="60"><counter type="INSTRUCTION" missed="0" covered="5"/><counter type="LINE" missed="0" covered="1"/><counter type="COMPLEXITY" missed="0" covered="1"/><counter type="METHOD" missed="0" covered="1"/></method><method name="getPopIndex" desc="(Ljava/lang/String;)I" line="69"><counter type="INSTRUCTION" missed="0" covered="7"/><counter type="LINE" missed="0" covered="1"/><counter type="COMPLEXITY" missed="0" covered="1"/><counter type="METHOD" missed="0" covered="1"/></method><method name="getPopPairIndex" desc="(II)I" line="81"><counter type="INSTRUCTION" missed="0" covered="40"/><counter type="BRANCH" missed="0" covered="2"/><counter type="LINE" missed="0" covered="4"/><counter type="COMPLEXITY" missed="0" covered="2"/><counter type="METHOD" missed="0" covered="1"/></method><method name="getPopPair" desc="(I)[Ljava/lang/String;" line="95"><counter type="INSTRUCTION" missed="0" covered="52"/><counter type="BRANCH" missed="0" covered="2"/><counter type="LINE" missed="0" covered="5"/><counter type="COMPLEXITY" missed="0" covered="2"/><counter type="METHOD" missed="0" covered="1"/></method><counter type="INSTRUCTION" missed="0" covered="134"/><counter type="BRANCH" missed="0" covered="4"/><counter type="LINE" missed="0" covered="19"/><counter type="COMPLEXITY" missed="0" covered="10"/><counter type="METHOD" missed="0" covered="8"/><counter type="CLASS" missed="0" covered="1"/></class><class name="com/xin/popgen/infos/IndInfo"><method name="&lt;init&gt;" desc="(Ljava/lang/String;)V" line="46"><counter type="INSTRUCTION" missed="14" covered="115"/><counter type="BRANCH" missed="1" covered="5"/><counter type="LINE" missed="0" covered="21"/><counter type="COMPLEXITY" missed="1" covered="3"/><counter type="METHOD" missed="0" covered="1"/></method><method name="getPopIndex" desc="(I)I" line="92"><counter type="INSTRUCTION" missed="0" covered="5"/><counter type="LINE" missed="0" covered="1"/><counter type="COMPLEXITY" missed="0" covered="1"/><counter type="METHOD" missed="0" covered="1"/></method><method name="getIndNum" desc="()I" line="100"><counter type="INSTRUCTION" missed="0" covered="3"/><counter type="LINE" missed="0" covered="1"/><counter type="COMPLEXITY" missed="0" covered="1"/><counter type="METHOD" missed="0" covered="1"/></method><method name="getPopInfo" desc="()Lcom/xin/popgen/infos/PopInfo;" line="107"><counter type="INSTRUCTION" missed="0" covered="3"/><counter type="LINE" missed="0" covered="1"/><counter type="COMPLEXITY" missed="0" covered="1"/><counter type="METHOD" missed="0" covered="1"/></method><method name="parseLine" desc="(Ljava/lang/String;)V" line="111"><counter type="INSTRUCTION" missed="0" covered="21"/><counter type="LINE" missed="0" covered="4"/><counter type="COMPLEXITY" missed="0" covered="1"/><counter type="METHOD" missed="0" covered="1"/></method><counter type="INSTRUCTION" missed="14" covered="147"/><counter type="BRANCH" missed="1" covered="5"/><counter type="LINE" missed="0" covered="28"/><counter type="COMPLEXITY" missed="1" covered="7"/><counter type="METHOD" missed="0" covered="5"/><counter type="CLASS" missed="0" covered="1"/></class><class name="com/xin/popgen/infos/Info"><method name="readFile" desc="(Ljava/io/BufferedReader;)V" line="44"><counter type="INSTRUCTION" missed="6" covered="15"/><counter type="BRANCH" missed="1" covered="3"/><counter type="LINE" missed="4" covered="6"/><counter type="COMPLEXITY" missed="1" covered="2"/><counter type="METHOD" missed="0" covered="1"/></method><method name="getBufferedReader" desc="(Ljava/lang/String;)Ljava/io/BufferedReader;" line="67"><counter type="INSTRUCTION" missed="10" covered="67"/><counter type="BRANCH" missed="3" covered="5"/><counter type="LINE" missed="6" covered="12"/><counter type="COMPLEXITY" missed="3" covered="2"/><counter type="METHOD" missed="0" covered="1"/></method><counter type="INSTRUCTION" missed="16" covered="82"/><counter type="BRANCH" missed="4" covered="8"/><counter type="LINE" missed="10" covered="18"/><counter type="COMPLEXITY" missed="4" covered="4"/><counter type="METHOD" missed="0" covered="2"/><counter type="CLASS" missed="0" covered="1"/></class><class name="com/xin/popgen/infos/TimeInfo"><method name="&lt;init&gt;" desc="(Ljava/lang/String;Lcom/xin/popgen/infos/PopInfo;)V" line="44"><counter type="INSTRUCTION" missed="0" covered="39"/><counter type="LINE" missed="0" covered="8"/><counter type="COMPLEXITY" missed="0" covered="1"/><counter type="METHOD" missed="0" covered="1"/></method><method name="getTime" desc="(I)I" line="62"><counter type="INSTRUCTION" missed="0" covered="6"/><counter type="LINE" missed="0" covered="1"/><counter type="COMPLEXITY" missed="0" covered="1"/><counter type="METHOD" missed="0" covered="1"/></method><method name="checkPopPairs" desc="()V" line="70"><counter type="INSTRUCTION" missed="0" covered="42"/><counter type="BRANCH" missed="0" covered="4"/><counter type="LINE" missed="0" covered="5"/><counter type="COMPLEXITY" missed="0" covered="3"/><counter type="METHOD" missed="0" covered="1"/></method><method name="parseLine" desc="(Ljava/lang/String;)V" line="81"><counter type="INSTRUCTION" missed="0" covered="80"/><counter type="BRANCH" missed="1" covered="7"/><counter type="LINE" missed="0" covered="8"/><counter type="COMPLEXITY" missed="1" covered="4"/><counter type="METHOD" missed="0" covered="1"/></method><counter type="INSTRUCTION" missed="0" covered="167"/><counter type="BRANCH" missed="1" covered="11"/><counter type="LINE" missed="0" covered="22"/><counter type="COMPLEXITY" missed="1" covered="9"/><counter type="METHOD" missed="0" covered="4"/><counter type="CLASS" missed="0" covered="1"/></class><class name="com/xin/popgen/infos/PopVarInfo"><method name="&lt;init&gt;" desc="(Ljava/lang/String;Lcom/xin/popgen/infos/PopInfo;)V" line="37"><counter type="INSTRUCTION" missed="0" covered="39"/><counter type="LINE" missed="0" covered="8"/><counter type="COMPLEXITY" missed="0" covered="1"/><counter type="METHOD" missed="0" covered="1"/></method><method name="getPopVar" desc="(I)D" line="55"><counter type="INSTRUCTION" missed="0" covered="6"/><counter type="LINE" missed="0" covered="1"/><counter type="COMPLEXITY" missed="0" covered="1"/><counter type="METHOD" missed="0" covered="1"/></method><method name="checkPopPairs" desc="()V" line="63"><counter type="INSTRUCTION" missed="0" covered="42"/><counter type="BRANCH" missed="0" covered="4"/><counter type="LINE" missed="0" covered="5"/><counter type="COMPLEXITY" missed="0" covered="3"/><counter type="METHOD" missed="0" covered="1"/></method><method name="parseLine" desc="(Ljava/lang/String;)V" line="74"><counter type="INSTRUCTION" missed="0" covered="82"/><counter type="BRANCH" missed="1" covered="7"/><counter type="LINE" missed="0" covered="10"/><counter type="COMPLEXITY" missed="1" covered="4"/><counter type="METHOD" missed="0" covered="1"/></method><counter type="INSTRUCTION" missed="0" covered="169"/><counter type="BRANCH" missed="1" covered="11"/><counter type="LINE" missed="0" covered="24"/><counter type="COMPLEXITY" missed="1" covered="9"/><counter type="METHOD" missed="0" covered="4"/><counter type="CLASS" missed="0" covered="1"/></class><sourcefile name="CountInfo.java"><line nr="18" mi="0" ci="8" mb="0" cb="0"/><line nr="21" mi="0" ci="6" mb="0" cb="0"/><line nr="27" mi="0" ci="6" mb="0" cb="0"/><line nr="33" mi="0" ci="3" mb="0" cb="0"/><line nr="35" mi="0" ci="2" mb="0" cb="0"/><line nr="36" mi="0" ci="5" mb="0" cb="0"/><line nr="38" mi="0" ci="8" mb="0" cb="0"/><line nr="39" mi="0" ci="4" mb="0" cb="0"/><line nr="40" mi="0" ci="4" mb="0" cb="0"/><line nr="41" mi="0" ci="8" mb="0" cb="2"/><line nr="42" mi="0" ci="6" mb="0" cb="0"/><line nr="44" mi="0" ci="4" mb="0" cb="0"/><line nr="45" mi="14" ci="4" mb="1" cb="1"/><line nr="48" mi="0" ci="2" mb="0" cb="0"/><line nr="49" mi="0" ci="4" mb="0" cb="0"/><line nr="50" mi="0" ci="10" mb="0" cb="2"/><line nr="51" mi="0" ci="6" mb="0" cb="0"/><line nr="52" mi="0" ci="5" mb="0" cb="0"/><line nr="53" mi="0" ci="1" mb="0" cb="0"/><line nr="55" mi="0" ci="7" mb="0" cb="0"/><line nr="56" mi="1" ci="0" mb="0" cb="0"/><line nr="57" mi="2" ci="0" mb="0" cb="0"/><line nr="58" mi="0" ci="1" mb="0" cb="0"/><line nr="60" mi="0" ci="13" mb="0" cb="0"/><line nr="61" mi="0" ci="1" mb="0" cb="0"/><line nr="68" mi="0" ci="3" mb="0" cb="0"/><line nr="69" mi="1" ci="0" mb="0" cb="0"/><line nr="70" mi="2" ci="0" mb="0" cb="0"/><line nr="71" mi="0" ci="1" mb="0" cb="0"/><line nr="72" mi="0" ci="1" mb="0" cb="0"/><line nr="79" mi="0" ci="3" mb="0" cb="0"/><line nr="86" mi="0" ci="3" mb="0" cb="0"/><line nr="94" mi="0" ci="5" mb="0" cb="0"/><line nr="96" mi="0" ci="4" mb="0" cb="0"/><line nr="97" mi="0" ci="2" mb="1" cb="1"/><line nr="98" mi="0" ci="6" mb="0" cb="0"/><line nr="99" mi="3" ci="0" mb="0" cb="0"/><line nr="100" mi="1" ci="0" mb="0" cb="0"/><line nr="101" mi="2" ci="0" mb="0" cb="0"/><line nr="102" mi="0" ci="1" mb="0" cb="0"/><line nr="103" mi="0" ci="2" mb="0" cb="0"/><line nr="113" mi="0" ci="5" mb="0" cb="0"/><line nr="114" mi="0" ci="5" mb="0" cb="0"/><line nr="115" mi="0" ci="5" mb="0" cb="0"/><line nr="116" mi="0" ci="14" mb="0" cb="0"/><line nr="117" mi="0" ci="4" mb="0" cb="0"/><line nr="118" mi="0" ci="2" mb="0" cb="0"/><line nr="119" mi="0" ci="8" mb="0" cb="2"/><line nr="120" mi="0" ci="10" mb="0" cb="0"/><line nr="121" mi="0" ci="10" mb="0" cb="0"/><line nr="123" mi="0" ci="2" mb="0" cb="0"/><line nr="127" mi="1" ci="0" mb="0" cb="0"/><counter type="INSTRUCTION" missed="27" covered="214"/><counter type="BRANCH" missed="2" covered="8"/><counter type="LINE" missed="8" covered="44"/><counter type="COMPLEXITY" missed="3" covered="10"/><counter type="METHOD" missed="1" covered="7"/><counter type="CLASS" missed="0" covered="1"/></sourcefile><sourcefile name="TimeInfo.java"><line nr="44" mi="0" ci="2" mb="0" cb="0"/><line nr="45" mi="0" ci="3" mb="0" cb="0"/><line nr="46" mi="0" ci="10" mb="0" cb="0"/><line nr="47" mi="0" ci="4" mb="0" cb="0"/><line nr="48" mi="0" ci="5" mb="0" cb="0"/><line nr="49" mi="0" ci="2" mb="0" cb="0"/><line nr="51" mi="0" ci="12" mb="0" cb="0"/><line nr="53" mi="0" ci="1" mb="0" cb="0"/><line nr="62" mi="0" ci="6" mb="0" cb="0"/><line nr="70" mi="0" ci="9" mb="0" cb="2"/><line nr="71" mi="0" ci="5" mb="0" cb="2"/><line nr="72" mi="0" ci="5" mb="0" cb="0"/><line nr="73" mi="0" ci="22" mb="0" cb="0"/><line nr="77" mi="0" ci="1" mb="0" cb="0"/><line nr="81" mi="0" ci="5" mb="0" cb="0"/><line nr="85" mi="0" ci="14" mb="0" cb="4"/><line nr="86" mi="0" ci="18" mb="0" cb="0"/><line nr="89" mi="0" ci="7" mb="0" cb="2"/><line nr="90" mi="0" ci="14" mb="0" cb="0"/><line nr="91" mi="0" ci="7" mb="1" cb="1"/><line nr="92" mi="0" ci="14" mb="0" cb="0"/><line nr="94" mi="0" ci="1" mb="0" cb="0"/><counter type="INSTRUCTION" missed="0" covered="167"/><counter type="BRANCH" missed="1" covered="11"/><counter type="LINE" missed="0" covered="22"/><counter type="COMPLEXITY" missed="1" covered="9"/><counter type="METHOD" missed="0" covered="4"/><counter type="CLASS" missed="0" covered="1"/></sourcefile><sourcefile name="IndInfo.java"><line nr="46" mi="0" ci="4" mb="0" cb="0"/><line nr="56" mi="0" ci="2" mb="0" cb="0"/><line nr="57" mi="0" ci="5" mb="0" cb="0"/><line nr="58" mi="0" ci="5" mb="0" cb="0"/><line nr="59" mi="0" ci="4" mb="0" cb="0"/><line nr="60" mi="0" ci="5" mb="0" cb="0"/><line nr="62" mi="0" ci="2" mb="0" cb="0"/><line nr="63" mi="0" ci="5" mb="0" cb="0"/><line nr="64" mi="0" ci="4" mb="0" cb="0"/><line nr="65" mi="14" ci="3" mb="1" cb="1"/><line nr="68" mi="0" ci="3" mb="0" cb="0"/><line nr="69" mi="0" ci="11" mb="0" cb="2"/><line nr="70" mi="0" ci="6" mb="0" cb="0"/><line nr="71" mi="0" ci="5" mb="0" cb="0"/><line nr="72" mi="0" ci="1" mb="0" cb="0"/><line nr="74" mi="0" ci="7" mb="0" cb="0"/><line nr="76" mi="0" ci="5" mb="0" cb="0"/><line nr="77" mi="0" ci="8" mb="0" cb="2"/><line nr="78" mi="0" ci="12" mb="0" cb="0"/><line nr="81" mi="0" ci="17" mb="0" cb="0"/><line nr="83" mi="0" ci="1" mb="0" cb="0"/><line nr="92" mi="0" ci="5" mb="0" cb="0"/><line nr="100" mi="0" ci="3" mb="0" cb="0"/><line nr="107" mi="0" ci="3" mb="0" cb="0"/><line nr="111" mi="0" ci="6" mb="0" cb="0"/><line nr="112" mi="0" ci="7" mb="0" cb="0"/><line nr="113" mi="0" ci="7" mb="0" cb="0"/><line nr="114" mi="0" ci="1" mb="0" cb="0"/><counter type="INSTRUCTION" missed="14" covered="147"/><counter type="BRANCH" missed="1" covered="5"/><counter type="LINE" missed="0" covered="28"/><counter type="COMPLEXITY" missed="1" covered="7"/><counter type="METHOD" missed="0" covered="5"/><counter type="CLASS" missed="0" covered="1"/></sourcefile><sourcefile name="PopVarInfo.java"><line nr="37" mi="0" ci="2" mb="0" cb="0"/><line nr="38" mi="0" ci="3" mb="0" cb="0"/><line nr="39" mi="0" ci="10" mb="0" cb="0"/><line nr="40" mi="0" ci="4" mb="0" cb="0"/><line nr="41" mi="0" ci="5" mb="0" cb="0"/><line nr="42" mi="0" ci="2" mb="0" cb="0"/><line nr="44" mi="0" ci="12" mb="0" cb="0"/><line nr="46" mi="0" ci="1" mb="0" cb="0"/><line nr="55" mi="0" ci="6" mb="0" cb="0"/><line nr="63" mi="0" ci="9" mb="0" cb="2"/><line nr="64" mi="0" ci="5" mb="0" cb="2"/><line nr="65" mi="0" ci="5" mb="0" cb="0"/><line nr="66" mi="0" ci="22" mb="0" cb="0"/><line nr="70" mi="0" ci="1" mb="0" cb="0"/><line nr="74" mi="0" ci="5" mb="0" cb="0"/><line nr="75" mi="0" ci="14" mb="0" cb="4"/><line nr="76" mi="0" ci="10" mb="0" cb="0"/><line nr="77" mi="0" ci="9" mb="0" cb="0"/><line nr="78" mi="0" ci="1" mb="0" cb="0"/><line nr="80" mi="0" ci="7" mb="0" cb="2"/><line nr="81" mi="0" ci="14" mb="0" cb="0"/><line nr="82" mi="0" ci="7" mb="1" cb="1"/><line nr="83" mi="0" ci="14" mb="0" cb="0"/><line nr="85" mi="0" ci="1" mb="0" cb="0"/><counter type="INSTRUCTION" missed="0" covered="169"/><counter type="BRANCH" missed="1" covered="11"/><counter type="LINE" missed="0" covered="24"/><counter type="COMPLEXITY" missed="1" covered="9"/><counter type="METHOD" missed="0" covered="4"/><counter type="CLASS" missed="0" covered="1"/></sourcefile><sourcefile name="PopInfo.java"><line nr="20" mi="0" ci="2" mb="0" cb="0"/><line nr="21" mi="0" ci="3" mb="0" cb="0"/><line nr="22" mi="0" ci="3" mb="0" cb="0"/><line nr="23" mi="0" ci="4" mb="0" cb="0"/><line nr="24" mi="0" ci="1" mb="0" cb="0"/><line nr="31" mi="0" ci="3" mb="0" cb="0"/><line nr="40" mi="0" ci="5" mb="0" cb="0"/><line nr="51" mi="0" ci="9" mb="0" cb="0"/><line nr="60" mi="0" ci="5" mb="0" cb="0"/><line nr="69" mi="0" ci="7" mb="0" cb="0"/><line nr="81" mi="0" ci="3" mb="0" cb="2"/><line nr="82" mi="0" ci="18" mb="0" cb="0"/><line nr="84" mi="0" ci="17" mb="0" cb="0"/><line nr="85" mi="0" ci="2" mb="0" cb="0"/><line nr="95" mi="0" ci="2" mb="0" cb="0"/><line nr="96" mi="0" ci="16" mb="0" cb="2"/><line nr="97" mi="0" ci="2" mb="0" cb="0"/><line nr="99" mi="0" ci="17" mb="0" cb="0"/><line nr="100" mi="0" ci="15" mb="0" cb="0"/><counter type="INSTRUCTION" missed="0" covered="134"/><counter type="BRANCH" missed="0" covered="4"/><counter type="LINE" missed="0" covered="19"/><counter type="COMPLEXITY" missed="0" covered="10"/><counter type="METHOD" missed="0" covered="8"/><counter type="CLASS" missed="0" covered="1"/></sourcefile><sourcefile name="Info.java"><line nr="44" mi="0" ci="5" mb="0" cb="2"/><line nr="45" mi="0" ci="4" mb="0" cb="0"/><line nr="47" mi="1" ci="0" mb="0" cb="0"/><line nr="48" mi="2" ci="0" mb="0" cb="0"/><line nr="51" mi="0" ci="2" mb="1" cb="1"/><line nr="52" mi="0" ci="2" mb="0" cb="0"/><line nr="54" mi="1" ci="0" mb="0" cb="0"/><line nr="55" mi="2" ci="0" mb="0" cb="0"/><line nr="56" mi="0" ci="1" mb="0" cb="0"/><line nr="58" mi="0" ci="1" mb="0" cb="0"/><line nr="67" mi="0" ci="2" mb="0" cb="0"/><line nr="68" mi="0" ci="2" mb="1" cb="1"/><line nr="69" mi="2" ci="0" mb="0" cb="0"/><line nr="70" mi="0" ci="2" mb="0" cb="0"/><line nr="72" mi="0" ci="8" mb="0" cb="0"/><line nr="73" mi="0" ci="3" mb="0" cb="0"/><line nr="74" mi="0" ci="4" mb="0" cb="0"/><line nr="75" mi="0" ci="13" mb="2" cb="4"/><line nr="78" mi="0" ci="8" mb="0" cb="0"/><line nr="79" mi="0" ci="11" mb="0" cb="0"/><line nr="82" mi="0" ci="11" mb="0" cb="0"/><line nr="84" mi="1" ci="0" mb="0" cb="0"/><line nr="85" mi="2" ci="0" mb="0" cb="0"/><line nr="88" mi="0" ci="2" mb="0" cb="0"/><line nr="89" mi="1" ci="0" mb="0" cb="0"/><line nr="90" mi="2" ci="0" mb="0" cb="0"/><line nr="91" mi="0" ci="1" mb="0" cb="0"/><line nr="93" mi="2" ci="0" mb="0" cb="0"/><counter type="INSTRUCTION" missed="16" covered="82"/><counter type="BRANCH" missed="4" covered="8"/><counter type="LINE" missed="10" covered="18"/><counter type="COMPLEXITY" missed="4" covered="4"/><counter type="METHOD" missed="0" covered="2"/><counter type="CLASS" missed="0" covered="1"/></sourcefile><sourcefile name="SnpInfo.java"><line nr="32" mi="0" ci="4" mb="0" cb="0"/><line nr="35" mi="0" ci="3" mb="0" cb="0"/><line nr="42" mi="0" ci="2" mb="0" cb="0"/><line nr="43" mi="0" ci="5" mb="0" cb="0"/><line nr="45" mi="0" ci="1" mb="0" cb="0"/><line nr="52" mi="0" ci="3" mb="0" cb="0"/><line nr="53" mi="1" ci="0" mb="0" cb="0"/><line nr="54" mi="2" ci="0" mb="0" cb="0"/><line nr="55" mi="0" ci="1" mb="0" cb="0"/><line nr="56" mi="0" ci="1" mb="0" cb="0"/><line nr="63" mi="0" ci="5" mb="0" cb="0"/><line nr="65" mi="0" ci="4" mb="0" cb="0"/><line nr="66" mi="0" ci="2" mb="1" cb="1"/><line nr="67" mi="0" ci="6" mb="0" cb="0"/><line nr="68" mi="0" ci="14" mb="0" cb="0"/><line nr="70" mi="1" ci="0" mb="0" cb="0"/><line nr="71" mi="2" ci="0" mb="0" cb="0"/><line nr="72" mi="0" ci="1" mb="0" cb="0"/><line nr="73" mi="0" ci="3" mb="0" cb="0"/><line nr="77" mi="1" ci="0" mb="0" cb="0"/><counter type="INSTRUCTION" missed="7" covered="55"/><counter type="BRANCH" missed="1" covered="1"/><counter type="LINE" missed="5" covered="15"/><counter type="COMPLEXITY" missed="2" covered="3"/><counter type="METHOD" missed="1" covered="3"/><counter type="CLASS" missed="0" covered="1"/></sourcefile><sourcefile name="VcfInfo.java"><line nr="38" mi="0" ci="3" mb="0" cb="0"/><line nr="46" mi="0" ci="2" mb="0" cb="0"/><line nr="47" mi="0" ci="3" mb="0" cb="0"/><line nr="48" mi="0" ci="4" mb="0" cb="0"/><line nr="49" mi="0" ci="4" mb="0" cb="0"/><line nr="50" mi="0" ci="5" mb="0" cb="0"/><line nr="51" mi="0" ci="2" mb="0" cb="2"/><line nr="54" mi="0" ci="6" mb="1" cb="1"/><line nr="56" mi="0" ci="5" mb="0" cb="2"/><line nr="58" mi="1" ci="0" mb="0" cb="0"/><line nr="59" mi="2" ci="0" mb="0" cb="0"/><line nr="60" mi="0" ci="1" mb="0" cb="0"/><line nr="62" mi="0" ci="1" mb="0" cb="0"/><line nr="65" mi="1" ci="0" mb="0" cb="0"/><line nr="72" mi="0" ci="3" mb="0" cb="0"/><line nr="73" mi="1" ci="0" mb="0" cb="0"/><line nr="74" mi="2" ci="0" mb="0" cb="0"/><line nr="75" mi="0" ci="1" mb="0" cb="0"/><line nr="76" mi="0" ci="1" mb="0" cb="0"/><line nr="80" mi="0" ci="5" mb="0" cb="0"/><line nr="82" mi="0" ci="4" mb="0" cb="0"/><line nr="83" mi="0" ci="2" mb="0" cb="2"/><line nr="84" mi="0" ci="6" mb="0" cb="0"/><line nr="85" mi="0" ci="3" mb="0" cb="0"/><line nr="86" mi="1" ci="0" mb="0" cb="0"/><line nr="87" mi="2" ci="0" mb="0" cb="0"/><line nr="88" mi="0" ci="1" mb="0" cb="0"/><line nr="89" mi="0" ci="2" mb="0" cb="0"/><line nr="99" mi="0" ci="5" mb="0" cb="0"/><line nr="100" mi="0" ci="2" mb="0" cb="0"/><line nr="101" mi="0" ci="7" mb="0" cb="2"/><line nr="102" mi="0" ci="7" mb="0" cb="0"/><line nr="104" mi="0" ci="4" mb="0" cb="0"/><line nr="105" mi="0" ci="7" mb="0" cb="2"/><line nr="106" mi="0" ci="7" mb="0" cb="0"/><line nr="109" mi="0" ci="6" mb="0" cb="0"/><line nr="110" mi="0" ci="7" mb="0" cb="2"/><line nr="111" mi="0" ci="7" mb="0" cb="0"/><line nr="113" mi="0" ci="8" mb="0" cb="2"/><line nr="114" mi="0" ci="5" mb="0" cb="0"/><line nr="115" mi="0" ci="12" mb="0" cb="0"/><line nr="116" mi="0" ci="12" mb="0" cb="0"/><line nr="117" mi="0" ci="11" mb="0" cb="2"/><line nr="118" mi="0" ci="11" mb="0" cb="2"/><line nr="120" mi="0" ci="2" mb="0" cb="0"/><counter type="INSTRUCTION" missed="10" covered="184"/><counter type="BRANCH" missed="1" covered="19"/><counter type="LINE" missed="7" covered="38"/><counter type="COMPLEXITY" missed="2" covered="13"/><counter type="METHOD" missed="1" covered="4"/><counter type="CLASS" missed="0" covered="1"/></sourcefile><sourcefile name="GenoInfo.java"><line nr="37" mi="0" ci="6" mb="0" cb="0"/><line nr="38" mi="0" ci="6" mb="0" cb="0"/><line nr="39" mi="0" ci="1" mb="0" cb="0"/><line nr="44" mi="0" ci="3" mb="0" cb="0"/><line nr="45" mi="1" ci="0" mb="0" cb="0"/><line nr="46" mi="2" ci="0" mb="0" cb="0"/><line nr="47" mi="0" ci="1" mb="0" cb="0"/><line nr="48" mi="0" ci="3" mb="0" cb="0"/><line nr="49" mi="0" ci="1" mb="0" cb="0"/><line nr="52" mi="0" ci="4" mb="0" cb="0"/><line nr="56" mi="0" ci="4" mb="0" cb="0"/><line nr="57" mi="0" ci="5" mb="0" cb="0"/><line nr="59" mi="0" ci="9" mb="0" cb="2"/><line nr="60" mi="0" ci="4" mb="0" cb="0"/><line nr="61" mi="0" ci="4" mb="0" cb="0"/><line nr="62" mi="1" ci="0" mb="0" cb="0"/><line nr="63" mi="2" ci="0" mb="0" cb="0"/><line nr="64" mi="0" ci="1" mb="0" cb="0"/><line nr="65" mi="0" ci="2" mb="0" cb="0"/><line nr="75" mi="0" ci="5" mb="0" cb="0"/><line nr="76" mi="0" ci="5" mb="1" cb="1"/><line nr="77" mi="5" ci="0" mb="0" cb="0"/><line nr="78" mi="0" ci="8" mb="0" cb="2"/><line nr="79" mi="0" ci="5" mb="0" cb="0"/><line nr="80" mi="0" ci="6" mb="0" cb="0"/><line nr="81" mi="0" ci="2" mb="0" cb="4"/><line nr="83" mi="0" ci="9" mb="0" cb="0"/><line nr="84" mi="0" ci="1" mb="0" cb="0"/><line nr="86" mi="0" ci="9" mb="0" cb="0"/><line nr="87" mi="0" ci="9" mb="0" cb="0"/><line nr="88" mi="0" ci="1" mb="0" cb="0"/><line nr="90" mi="0" ci="9" mb="0" cb="0"/><line nr="91" mi="0" ci="1" mb="0" cb="0"/><line nr="95" mi="0" ci="2" mb="0" cb="0"/><counter type="INSTRUCTION" missed="11" covered="126"/><counter type="BRANCH" missed="1" covered="9"/><counter type="LINE" missed="5" covered="29"/><counter type="COMPLEXITY" missed="1" covered="10"/><counter type="METHOD" missed="0" covered="5"/><counter type="CLASS" missed="0" covered="1"/></sourcefile><counter type="INSTRUCTION" missed="85" covered="1278"/><counter type="BRANCH" missed="12" covered="76"/><counter type="LINE" missed="35" covered="237"/><counter type="COMPLEXITY" missed="15" covered="75"/><counter type="METHOD" missed="3" covered="42"/><counter type="CLASS" missed="0" covered="9"/></package><counter type="INSTRUCTION" missed="152" covered="2526"/><counter type="BRANCH" missed="26" covered="168"/><counter type="LINE" missed="50" covered="453"/><counter type="COMPLEXITY" missed="32" covered="145"/><counter type="METHOD" missed="6" covered="71"/><counter type="CLASS" missed="0" covered="20"/></report>